# JRE version: OpenJDK Runtime Environment Temurin-17.0.7+7 (17.0.7+7) (build 17.0.7+7)
# Java VM: OpenJDK 64-Bit Server VM Temurin-17.0.7+7 (17.0.7+7, mixed mode, emulated-client, tiered, compressed oops, compressed class ptrs, g1 gc, windows-amd64)
GC Precious Log:
 CPUs: 8 total, 8 available
 Memory: 16106M
 Large Page Support: Disabled
 NUMA Support: Disabled
 Compressed Oops: Enabled (32-bit)
 Heap Region Size: 1M
 Heap Min Capacity: 8M
 Heap Initial Capacity: 252M
 Heap Max Capacity: 1G
 Pre-touch: Disabled
 Parallel Workers: 8
 Concurrent Workers: 2
 Concurrent Refinement Workers: 8
 Periodic GC: Disabled
Heap:
 garbage-first heap   total 181248K, used 52781K [0x00000000c0000000, 0x0000000100000000)
  region size 1024K, 1 young (1024K), 0 survivors (0K)
 Metaspace       used 69910K, committed 70464K, reserved 1114112K
  class space    used 9202K, committed 9472K, reserved 1048576K
GC Heap History (20 events):
Event: 81167.462 GC heap before
{Heap before GC invocations=1827 (full 1265):
 garbage-first heap   total 219136K, used 65288K [0x00000000c0000000, 0x0000000100000000)
  region size 1024K, 1 young (1024K), 0 survivors (0K)
 Metaspace       used 69903K, committed 70464K, reserved 1114112K
  class space    used 9201K, committed 9472K, reserved 1048576K
}
Event: 81167.520 GC heap after
{Heap after GC invocations=1828 (full 1266):
 garbage-first heap   total 219136K, used 65288K [0x00000000c0000000, 0x0000000100000000)
  region size 1024K, 0 young (0K), 0 survivors (0K)
 Metaspace       used 69903K, committed 70464K, reserved 1114112K
  class space    used 9201K, committed 9472K, reserved 1048576K
}
Event: 81209.535 GC heap before
{Heap before GC invocations=1828 (full 1266):
 garbage-first heap   total 219136K, used 65288K [0x00000000c0000000, 0x0000000100000000)
  region size 1024K, 1 young (1024K), 0 survivors (0K)
 Metaspace       used 69910K, committed 70464K, reserved 1114112K
  class space    used 9202K, committed 9472K, reserved 1048576K
}
Event: 81209.598 GC heap after
{Heap after GC invocations=1829 (full 1267):
 garbage-first heap   total 184320K, used 52781K [0x00000000c0000000, 0x0000000100000000)
  region size 1024K, 0 young (0K), 0 survivors (0K)
 Metaspace       used 69910K, committed 70464K, reserved 1114112K
  class space    used 9202K, committed 9472K, reserved 1048576K
}
Event: 81221.366 GC heap before
{Heap before GC invocations=1829 (full 1267):
 garbage-first heap   total 184320K, used 52781K [0x00000000c0000000, 0x0000000100000000)
  region size 1024K, 1 young (1024K), 0 survivors (0K)
 Metaspace       used 69910K, committed 70464K, reserved 1114112K
  class space    used 9202K, committed 9472K, reserved 1048576K
}
Event: 81221.408 GC heap after
{Heap after GC invocations=1830 (full 1268):
 garbage-first heap   total 181248K, used 52781K [0x00000000c0000000, 0x0000000100000000)
  region size 1024K, 0 young (0K), 0 survivors (0K)
 Metaspace       used 69910K, committed 70464K, reserved 1114112K
  class space    used 9202K, committed 9472K, reserved 1048576K
}
Event: 81233.528 GC heap before
{Heap before GC invocations=1830 (full 1268):
 garbage-first heap   total 181248K, used 52781K [0x00000000c0000000, 0x0000000100000000)
  region size 1024K, 1 young (1024K), 0 survivors (0K)
 Metaspace       used 69910K, committed 70464K, reserved 1114112K
  class space    used 9202K, committed 9472K, reserved 1048576K
}
Event: 81233.574 GC heap after
{Heap after GC invocations=1831 (full 1269):
 garbage-first heap   total 181248K, used 52781K [0x00000000c0000000, 0x0000000100000000)
  region size 1024K, 0 young (0K), 0 survivors (0K)
 Metaspace       used 69910K, committed 70464K, reserved 1114112K
  class space    used 9202K, committed 9472K, reserved 1048576K
}
Event: 81245.751 GC heap before
{Heap before GC invocations=1831 (full 1269):
 garbage-first heap   total 181248K, used 52781K [0x00000000c0000000, 0x0000000100000000)
  region size 1024K, 1 young (1024K), 0 survivors (0K)
 Metaspace       used 69910K, committed 70464K, reserved 1114112K
  class space    used 9202K, committed 9472K, reserved 1048576K
}
Event: 81245.804 GC heap after
{Heap after GC invocations=1832 (full 1270):
 garbage-first heap   total 181248K, used 52781K [0x00000000c0000000, 0x0000000100000000)
  region size 1024K, 0 young (0K), 0 survivors (0K)
 Metaspace       used 69910K, committed 70464K, reserved 1114112K
  class space    used 9202K, committed 9472K, reserved 1048576K
}
Event: 81258.594 GC heap before
{Heap before GC invocations=1832 (full 1270):
 garbage-first heap   total 181248K, used 52781K [0x00000000c0000000, 0x0000000100000000)
  region size 1024K, 1 young (1024K), 0 survivors (0K)
 Metaspace       used 69910K, committed 70464K, reserved 1114112K
  class space    used 9202K, committed 9472K, reserved 1048576K
}
Event: 81258.646 GC heap after
{Heap after GC invocations=1833 (full 1271):
 garbage-first heap   total 181248K, used 52781K [0x00000000c0000000, 0x0000000100000000)
  region size 1024K, 0 young (0K), 0 survivors (0K)
 Metaspace       used 69910K, committed 70464K, reserved 1114112K
  class space    used 9202K, committed 9472K, reserved 1048576K
}
Event: 81272.443 GC heap before
{Heap before GC invocations=1833 (full 1271):
 garbage-first heap   total 181248K, used 52781K [0x00000000c0000000, 0x0000000100000000)
  region size 1024K, 1 young (1024K), 0 survivors (0K)
 Metaspace       used 69910K, committed 70464K, reserved 1114112K
  class space    used 9202K, committed 9472K, reserved 1048576K
}
Event: 81272.492 GC heap after
{Heap after GC invocations=1834 (full 1272):
 garbage-first heap   total 181248K, used 52781K [0x00000000c0000000, 0x0000000100000000)
  region size 1024K, 0 young (0K), 0 survivors (0K)
 Metaspace       used 69910K, committed 70464K, reserved 1114112K
  class space    used 9202K, committed 9472K, reserved 1048576K
}
Event: 81284.608 GC heap before
{Heap before GC invocations=1834 (full 1272):
 garbage-first heap   total 181248K, used 52781K [0x00000000c0000000, 0x0000000100000000)
  region size 1024K, 1 young (1024K), 0 survivors (0K)
 Metaspace       used 69910K, committed 70464K, reserved 1114112K
  class space    used 9202K, committed 9472K, reserved 1048576K
}
Event: 81284.656 GC heap after
{Heap after GC invocations=1835 (full 1273):
 garbage-first heap   total 181248K, used 52781K [0x00000000c0000000, 0x0000000100000000)
  region size 1024K, 0 young (0K), 0 survivors (0K)
 Metaspace       used 69910K, committed 70464K, reserved 1114112K
  class space    used 9202K, committed 9472K, reserved 1048576K
}
Event: 81296.767 GC heap before
{Heap before GC invocations=1835 (full 1273):
 garbage-first heap   total 181248K, used 52781K [0x00000000c0000000, 0x0000000100000000)
  region size 1024K, 1 young (1024K), 0 survivors (0K)
 Metaspace       used 69910K, committed 70464K, reserved 1114112K
  class space    used 9202K, committed 9472K, reserved 1048576K
}
Event: 81296.815 GC heap after
{Heap after GC invocations=1836 (full 1274):
 garbage-first heap   total 181248K, used 52781K [0x00000000c0000000, 0x0000000100000000)
  region size 1024K, 0 young (0K), 0 survivors (0K)
 Metaspace       used 69910K, committed 70464K, reserved 1114112K
  class space    used 9202K, committed 9472K, reserved 1048576K
}
Event: 81309.249 GC heap before
{Heap before GC invocations=1836 (full 1274):
 garbage-first heap   total 181248K, used 52781K [0x00000000c0000000, 0x0000000100000000)
  region size 1024K, 1 young (1024K), 0 survivors (0K)
 Metaspace       used 69910K, committed 70464K, reserved 1114112K
  class space    used 9202K, committed 9472K, reserved 1048576K
}
Event: 81309.308 GC heap after
{Heap after GC invocations=1837 (full 1275):
 garbage-first heap   total 181248K, used 52781K [0x00000000c0000000, 0x0000000100000000)
  region size 1024K, 0 young (0K), 0 survivors (0K)
 Metaspace       used 69910K, committed 70464K, reserved 1114112K
  class space    used 9202K, committed 9472K, reserved 1048576K
}

